This is pdfTeX, Version 3.1415926-2.5-1.40.14 (MiKTeX 2.9) (preloaded format=pdflatex 2014.4.15)  15 APR 2014 15:10
entering extended mode
**iccv13.tex
(U:\cvpr2014\paper\iccv13.tex
LaTeX2e <2011/06/27>
Babel <v3.8m> and hyphenation patterns for english, afrikaans, ancientgreek, ar
abic, armenian, assamese, basque, bengali, bokmal, bulgarian, catalan, coptic, 
croatian, czech, danish, dutch, esperanto, estonian, farsi, finnish, french, ga
lician, german, german-x-2013-05-26, greek, gujarati, hindi, hungarian, iceland
ic, indonesian, interlingua, irish, italian, kannada, kurmanji, latin, latvian,
 lithuanian, malayalam, marathi, mongolian, mongolianlmc, monogreek, ngerman, n
german-x-2013-05-26, nynorsk, oriya, panjabi, pinyin, polish, portuguese, roman
ian, russian, sanskrit, serbian, slovak, slovenian, spanish, swedish, swissgerm
an, tamil, telugu, turkish, turkmen, ukenglish, ukrainian, uppersorbian, usengl
ishmax, welsh, loaded.
("C:\Program Files (x86)\MiKTeX 2.9\tex\latex\base\article.cls"
Document Class: article 2007/10/19 v1.4h Standard LaTeX document class
("C:\Program Files (x86)\MiKTeX 2.9\tex\latex\base\size10.clo"
File: size10.clo 2007/10/19 v1.4h Standard LaTeX file (size option)
)
\c@part=\count79
\c@section=\count80
\c@subsection=\count81
\c@subsubsection=\count82
\c@paragraph=\count83
\c@subparagraph=\count84
\c@figure=\count85
\c@table=\count86
\abovecaptionskip=\skip41
\belowcaptionskip=\skip42
\bibindent=\dimen102
)
(U:\cvpr2014\paper\cvpr2014AuthorKit_latex/cvpr.sty
(C:\Users\Vadim.kantorov-pc\AppData\Roaming\MiKTeX\2.9\tex\latex\eso-pic\eso-pi
c.sty
Package: eso-pic 2013/10/06 v2.0d eso-pic (RN)
 ("C:\Program Files (x86)\MiKTeX 2.9\tex\generic\oberdiek\atbegshi.sty"
Package: atbegshi 2011/10/05 v1.16 At begin shipout hook (HO)

("C:\Program Files (x86)\MiKTeX 2.9\tex\generic\oberdiek\infwarerr.sty"
Package: infwarerr 2010/04/08 v1.3 Providing info/warning/error messages (HO)
)
("C:\Program Files (x86)\MiKTeX 2.9\tex\generic\oberdiek\ltxcmds.sty"
Package: ltxcmds 2011/11/09 v1.22 LaTeX kernel commands for general use (HO)
)
("C:\Program Files (x86)\MiKTeX 2.9\tex\generic\oberdiek\ifpdf.sty"
Package: ifpdf 2011/01/30 v2.3 Provides the ifpdf switch (HO)
Package ifpdf Info: pdfTeX in PDF mode is detected.
))
("C:\Program Files (x86)\MiKTeX 2.9\tex\latex\graphics\keyval.sty"
Package: keyval 1999/03/16 v1.13 key=value parser (DPC)
\KV@toks@=\toks14
)
(C:\Users\Vadim.kantorov-pc\AppData\Roaming\MiKTeX\2.9\tex\latex\xcolor\xcolor.
sty
Package: xcolor 2007/01/21 v2.11 LaTeX color extensions (UK)
 ("C:\Program Files (x86)\MiKTeX 2.9\tex\latex\00miktex\color.cfg"
File: color.cfg 2007/01/18 v1.5 color configuration of teTeX/TeXLive
)
Package xcolor Info: Driver file: pdftex.def on input line 225.

("C:\Program Files (x86)\MiKTeX 2.9\tex\latex\pdftex-def\pdftex.def"
File: pdftex.def 2011/05/27 v0.06d Graphics/color for pdfTeX
\Gread@gobject=\count87
)
Package xcolor Info: Model `cmy' substituted by `cmy0' on input line 1337.
Package xcolor Info: Model `hsb' substituted by `rgb' on input line 1341.
Package xcolor Info: Model `RGB' extended on input line 1353.
Package xcolor Info: Model `HTML' substituted by `rgb' on input line 1355.
Package xcolor Info: Model `Hsb' substituted by `hsb' on input line 1356.
Package xcolor Info: Model `tHsb' substituted by `hsb' on input line 1357.
Package xcolor Info: Model `HSB' substituted by `hsb' on input line 1358.
Package xcolor Info: Model `Gray' substituted by `gray' on input line 1359.
Package xcolor Info: Model `wave' substituted by `hsb' on input line 1360.
))
("C:\Program Files (x86)\MiKTeX 2.9\tex\latex\tools\xspace.sty"
Package: xspace 2009/10/20 v1.13 Space after command names (DPC,MH)
)
CVPR 8.5 x 11-Inch Proceedings Style `cvpr.sty'.
\@ctmp=\skip43
\@figindent=\skip44
\cvprrulerbox=\box26
\cvprrulercount=\count88
\cvprruleroffset=\dimen103
\cv@lineheight=\dimen104
\cv@boxheight=\dimen105
\cv@tmpbox=\box27
\cv@refno=\count89
\cv@tot=\count90
\cv@tmpc@=\count91
\cv@tmpc=\count92
) ("C:\Program Files (x86)\MiKTeX 2.9\tex\latex\psnfss\times.sty"
Package: times 2005/04/12 PSNFSS-v9.2a (SPQR) 
)
("C:\Program Files (x86)\MiKTeX 2.9\tex\latex\graphics\epsfig.sty"
Package: epsfig 1999/02/16 v1.7a (e)psfig emulation (SPQR)

("C:\Program Files (x86)\MiKTeX 2.9\tex\latex\graphics\graphicx.sty"
Package: graphicx 1999/02/16 v1.0f Enhanced LaTeX Graphics (DPC,SPQR)

("C:\Program Files (x86)\MiKTeX 2.9\tex\latex\graphics\graphics.sty"
Package: graphics 2009/02/05 v1.0o Standard LaTeX Graphics (DPC,SPQR)

("C:\Program Files (x86)\MiKTeX 2.9\tex\latex\graphics\trig.sty"
Package: trig 1999/03/16 v1.09 sin cos tan (DPC)
)
("C:\Program Files (x86)\MiKTeX 2.9\tex\latex\00miktex\graphics.cfg"
File: graphics.cfg 2007/01/18 v1.5 graphics configuration of teTeX/TeXLive
)
Package graphics Info: Driver file: pdftex.def on input line 91.
)
\Gin@req@height=\dimen106
\Gin@req@width=\dimen107
)
\epsfxsize=\dimen108
\epsfysize=\dimen109
)
("C:\Program Files (x86)\MiKTeX 2.9\tex\latex\amsmath\amsmath.sty"
Package: amsmath 2013/01/14 v2.14 AMS math features
\@mathmargin=\skip45

For additional information on amsmath, use the `?' option.
("C:\Program Files (x86)\MiKTeX 2.9\tex\latex\amsmath\amstext.sty"
Package: amstext 2000/06/29 v2.01

("C:\Program Files (x86)\MiKTeX 2.9\tex\latex\amsmath\amsgen.sty"
File: amsgen.sty 1999/11/30 v2.0
\@emptytoks=\toks15
\ex@=\dimen110
))
("C:\Program Files (x86)\MiKTeX 2.9\tex\latex\amsmath\amsbsy.sty"
Package: amsbsy 1999/11/29 v1.2d
\pmbraise@=\dimen111
)
("C:\Program Files (x86)\MiKTeX 2.9\tex\latex\amsmath\amsopn.sty"
Package: amsopn 1999/12/14 v2.01 operator names
)
\inf@bad=\count93
LaTeX Info: Redefining \frac on input line 210.
\uproot@=\count94
\leftroot@=\count95
LaTeX Info: Redefining \overline on input line 306.
\classnum@=\count96
\DOTSCASE@=\count97
LaTeX Info: Redefining \ldots on input line 378.
LaTeX Info: Redefining \dots on input line 381.
LaTeX Info: Redefining \cdots on input line 466.
\Mathstrutbox@=\box28
\strutbox@=\box29
\big@size=\dimen112
LaTeX Font Info:    Redeclaring font encoding OML on input line 566.
LaTeX Font Info:    Redeclaring font encoding OMS on input line 567.
\macc@depth=\count98
\c@MaxMatrixCols=\count99
\dotsspace@=\muskip10
\c@parentequation=\count100
\dspbrk@lvl=\count101
\tag@help=\toks16
\row@=\count102
\column@=\count103
\maxfields@=\count104
\andhelp@=\toks17
\eqnshift@=\dimen113
\alignsep@=\dimen114
\tagshift@=\dimen115
\tagwidth@=\dimen116
\totwidth@=\dimen117
\lineht@=\dimen118
\@envbody=\toks18
\multlinegap=\skip46
\multlinetaggap=\skip47
\mathdisplay@stack=\toks19
LaTeX Info: Redefining \[ on input line 2665.
LaTeX Info: Redefining \] on input line 2666.
)
("C:\Program Files (x86)\MiKTeX 2.9\tex\latex\amsfonts\amssymb.sty"
Package: amssymb 2013/01/14 v3.01 AMS font symbols

("C:\Program Files (x86)\MiKTeX 2.9\tex\latex\amsfonts\amsfonts.sty"
Package: amsfonts 2013/01/14 v3.01 Basic AMSFonts support
\symAMSa=\mathgroup4
\symAMSb=\mathgroup5
LaTeX Font Info:    Overwriting math alphabet `\mathfrak' in version `bold'
(Font)                  U/euf/m/n --> U/euf/b/n on input line 106.
))
("C:\Program Files (x86)\MiKTeX 2.9\tex\latex\multirow\multirow.sty"
\bigstrutjot=\dimen119
)
("C:\Program Files (x86)\MiKTeX 2.9\tex\latex\tools\array.sty"
Package: array 2008/09/09 v2.4c Tabular extension package (FMi)
\col@sep=\dimen120
\extrarowheight=\dimen121
\NC@list=\toks20
\extratabsurround=\skip48
\backup@length=\skip49
)
("C:\Program Files (x86)\MiKTeX 2.9\tex\latex\hyperref\hyperref.sty"
Package: hyperref 2012/11/06 v6.83m Hypertext links for LaTeX

("C:\Program Files (x86)\MiKTeX 2.9\tex\generic\oberdiek\hobsub-hyperref.sty"
Package: hobsub-hyperref 2012/04/25 v1.12 Bundle oberdiek, subset hyperref (HO)


("C:\Program Files (x86)\MiKTeX 2.9\tex\generic\oberdiek\hobsub-generic.sty"
Package: hobsub-generic 2012/04/25 v1.12 Bundle oberdiek, subset generic (HO)
Package: hobsub 2012/04/25 v1.12 Construct package bundles (HO)
Package hobsub Info: Skipping package `infwarerr' (already loaded).
Package hobsub Info: Skipping package `ltxcmds' (already loaded).
Package: ifluatex 2010/03/01 v1.3 Provides the ifluatex switch (HO)
Package ifluatex Info: LuaTeX not detected.
Package: ifvtex 2010/03/01 v1.5 Detect VTeX and its facilities (HO)
Package ifvtex Info: VTeX not detected.
Package: intcalc 2007/09/27 v1.1 Expandable calculations with integers (HO)
Package hobsub Info: Skipping package `ifpdf' (already loaded).
Package: etexcmds 2011/02/16 v1.5 Avoid name clashes with e-TeX commands (HO)
Package etexcmds Info: Could not find \expanded.
(etexcmds)             That can mean that you are not using pdfTeX 1.50 or
(etexcmds)             that some package has redefined \expanded.
(etexcmds)             In the latter case, load this package earlier.
Package: kvsetkeys 2012/04/25 v1.16 Key value parser (HO)
Package: kvdefinekeys 2011/04/07 v1.3 Define keys (HO)
Package: pdftexcmds 2011/11/29 v0.20 Utility functions of pdfTeX for LuaTeX (HO
)
Package pdftexcmds Info: LuaTeX not detected.
Package pdftexcmds Info: \pdf@primitive is available.
Package pdftexcmds Info: \pdf@ifprimitive is available.
Package pdftexcmds Info: \pdfdraftmode found.
Package: pdfescape 2011/11/25 v1.13 Implements pdfTeX's escape features (HO)
Package: bigintcalc 2012/04/08 v1.3 Expandable calculations on big integers (HO
)
Package: bitset 2011/01/30 v1.1 Handle bit-vector datatype (HO)
Package: uniquecounter 2011/01/30 v1.2 Provide unlimited unique counter (HO)
)
Package hobsub Info: Skipping package `hobsub' (already loaded).
Package: letltxmacro 2010/09/02 v1.4 Let assignment for LaTeX macros (HO)
Package: hopatch 2011/06/24 v1.1 Wrapper for package hooks (HO)
Package: xcolor-patch 2011/01/30 xcolor patch
Package: atveryend 2011/06/30 v1.8 Hooks at the very end of document (HO)
Package atveryend Info: \enddocument detected (standard20110627).
Package hobsub Info: Skipping package `atbegshi' (already loaded).
Package: refcount 2011/10/16 v3.4 Data extraction from label references (HO)
Package: hycolor 2011/01/30 v1.7 Color options for hyperref/bookmark (HO)
)
("C:\Program Files (x86)\MiKTeX 2.9\tex\generic\ifxetex\ifxetex.sty"
Package: ifxetex 2010/09/12 v0.6 Provides ifxetex conditional
)
("C:\Program Files (x86)\MiKTeX 2.9\tex\latex\oberdiek\auxhook.sty"
Package: auxhook 2011/03/04 v1.3 Hooks for auxiliary files (HO)
)
("C:\Program Files (x86)\MiKTeX 2.9\tex\latex\oberdiek\kvoptions.sty"
Package: kvoptions 2011/06/30 v3.11 Key value format for package options (HO)
)
\@linkdim=\dimen122
\Hy@linkcounter=\count105
\Hy@pagecounter=\count106

("C:\Program Files (x86)\MiKTeX 2.9\tex\latex\hyperref\pd1enc.def"
File: pd1enc.def 2012/11/06 v6.83m Hyperref: PDFDocEncoding definition (HO)
)
\Hy@SavedSpaceFactor=\count107

("C:\Program Files (x86)\MiKTeX 2.9\tex\latex\00miktex\hyperref.cfg"
File: hyperref.cfg 2002/06/06 v1.2 hyperref configuration of TeXLive
)
Package hyperref Info: Option `breaklinks' set `true' on input line 4319.


Package hyperref Warning: Option `letterpaper' is no longer used.

Package hyperref Info: Option `colorlinks' set `true' on input line 4319.
Package hyperref Info: Option `bookmarks' set `false' on input line 4319.
Package hyperref Info: Hyper figures OFF on input line 4443.
Package hyperref Info: Link nesting OFF on input line 4448.
Package hyperref Info: Hyper index ON on input line 4451.
Package hyperref Info: Plain pages OFF on input line 4458.
Package hyperref Info: Backreferencing ON on input line 4461.
Package hyperref Info: Implicit mode ON; LaTeX internals redefined.
Package hyperref Info: Bookmarks OFF on input line 4694.
("C:\Program Files (x86)\MiKTeX 2.9\tex\latex\hyperref\backref.sty"
Package: backref 2012/07/25 v1.38 Bibliographical back referencing

("C:\Program Files (x86)\MiKTeX 2.9\tex\latex\oberdiek\rerunfilecheck.sty"
Package: rerunfilecheck 2011/04/15 v1.7 Rerun checks for auxiliary files (HO)
Package uniquecounter Info: New unique counter `rerunfilecheck' on input line 2
82.
))
\c@Hy@tempcnt=\count108

(C:\Users\Vadim.kantorov-pc\AppData\Roaming\MiKTeX\2.9\tex\latex\url\url.sty
\Urlmuskip=\muskip11
Package: url 2013/09/16  ver 3.4  Verb mode for urls, etc.
)
LaTeX Info: Redefining \url on input line 5041.
\XeTeXLinkMargin=\dimen123
\Fld@menulength=\count109
\Field@Width=\dimen124
\Fld@charsize=\dimen125
Package hyperref Info: Hyper figures OFF on input line 6295.
Package hyperref Info: Link nesting OFF on input line 6300.
Package hyperref Info: Hyper index ON on input line 6303.
Package hyperref Info: backreferencing ON on input line 6308.
Package hyperref Info: Link coloring ON on input line 6313.
Package hyperref Info: Link coloring with OCG OFF on input line 6320.
Package hyperref Info: PDF/A mode OFF on input line 6325.
LaTeX Info: Redefining \ref on input line 6365.
LaTeX Info: Redefining \pageref on input line 6369.
\Hy@abspage=\count110
\c@Item=\count111
\c@Hfootnote=\count112
)

Package hyperref Message: Driver (autodetected): hpdftex.

("C:\Program Files (x86)\MiKTeX 2.9\tex\latex\hyperref\hpdftex.def"
File: hpdftex.def 2012/11/06 v6.83m Hyperref driver for pdfTeX
\Fld@listcount=\count113
\c@bookmark@seq@number=\count114
\Hy@SectionHShift=\skip50
)
(U:\cvpr2014\paper\iccv13.aux)
LaTeX Font Info:    Checking defaults for OML/cmm/m/it on input line 27.
LaTeX Font Info:    ... okay on input line 27.
LaTeX Font Info:    Checking defaults for T1/cmr/m/n on input line 27.
LaTeX Font Info:    ... okay on input line 27.
LaTeX Font Info:    Checking defaults for OT1/cmr/m/n on input line 27.
LaTeX Font Info:    ... okay on input line 27.
LaTeX Font Info:    Checking defaults for OMS/cmsy/m/n on input line 27.
LaTeX Font Info:    ... okay on input line 27.
LaTeX Font Info:    Checking defaults for OMX/cmex/m/n on input line 27.
LaTeX Font Info:    ... okay on input line 27.
LaTeX Font Info:    Checking defaults for U/cmr/m/n on input line 27.
LaTeX Font Info:    ... okay on input line 27.
LaTeX Font Info:    Checking defaults for PD1/pdf/m/n on input line 27.
LaTeX Font Info:    ... okay on input line 27.
LaTeX Font Info:    Try loading font information for OT1+ptm on input line 27.

("C:\Program Files (x86)\MiKTeX 2.9\tex\latex\psnfss\ot1ptm.fd"
File: ot1ptm.fd 2001/06/04 font definitions for OT1/ptm.
)
\AtBeginShipoutBox=\box30

(C:\Users\Vadim.kantorov-pc\AppData\Roaming\MiKTeX\2.9\tex\context\base\supp-pd
f.mkii
[Loading MPS to PDF converter (version 2006.09.02).]
\scratchcounter=\count115
\scratchdimen=\dimen126
\scratchbox=\box31
\nofMPsegments=\count116
\nofMParguments=\count117
\everyMPshowfont=\toks21
\MPscratchCnt=\count118
\MPscratchDim=\dimen127
\MPnumerator=\count119
\makeMPintoPDFobject=\count120
\everyMPtoPDFconversion=\toks22
)
Package hyperref Info: Link coloring ON on input line 27.
 ("C:\Program Files (x86)\MiKTeX 2.9\tex\latex\hyperref\nameref.sty"
Package: nameref 2012/10/27 v2.43 Cross-referencing by name of section

("C:\Program Files (x86)\MiKTeX 2.9\tex\generic\oberdiek\gettitlestring.sty"
Package: gettitlestring 2010/12/03 v1.4 Cleanup title references (HO)
)
\c@section@level=\count121
)
LaTeX Info: Redefining \ref on input line 27.
LaTeX Info: Redefining \pageref on input line 27.
LaTeX Info: Redefining \nameref on input line 27.
LaTeX Font Info:    Font shape `OT1/ptm/bx/n' in size <14.4> not available
(Font)              Font shape `OT1/ptm/b/n' tried instead on input line 43.
LaTeX Font Info:    Try loading font information for U+msa on input line 43.

("C:\Program Files (x86)\MiKTeX 2.9\tex\latex\amsfonts\umsa.fd"
File: umsa.fd 2013/01/14 v3.01 AMS symbols A
)
LaTeX Font Info:    Try loading font information for U+msb on input line 43.

("C:\Program Files (x86)\MiKTeX 2.9\tex\latex\amsfonts\umsb.fd"
File: umsb.fd 2013/01/14 v3.01 AMS symbols B
)
Missing character: There is no Ã in font ptmr7t!
Missing character: There is no © in font ptmr7t!
LaTeX Font Info:    Font shape `OT1/ptm/bx/n' in size <12> not available
(Font)              Font shape `OT1/ptm/b/n' tried instead on input line 45.

Underfull \hbox (badness 10000) in paragraph at lines 75--76

 []

LaTeX Font Info:    Try loading font information for OT1+pcr on input line 81.
("C:\Program Files (x86)\MiKTeX 2.9\tex\latex\psnfss\ot1pcr.fd"
File: ot1pcr.fd 2001/06/04 font definitions for OT1/pcr.
) [1{C:/Users/Vadim.kantorov-pc/AppData/Local/MiKTeX/2.9/pdftex/config/pdftex.m
ap}


]
LaTeX Font Info:    Font shape `OT1/ptm/bx/n' in size <10> not available
(Font)              Font shape `OT1/ptm/b/n' tried instead on input line 218.

Underfull \vbox (badness 1496) has occurred while \output is active []


<figures/flow/bandage_1_frame_0020.jpeg, id=102, 1027.84pt x 437.635pt>
File: figures/flow/bandage_1_frame_0020.jpeg Graphic file (type jpg)

<use figures/flow/bandage_1_frame_0020.jpeg>
Package pdftex.def Info: figures/flow/bandage_1_frame_0020.jpeg used on input l
ine 249.
(pdftex.def)             Requested size: 212.4039pt x 104.96109pt.

<figures/flow/flow_bandage_1_frame021_orig_quant.jpeg, id=104, 204.765pt x 87.3
2625pt>
File: figures/flow/flow_bandage_1_frame021_orig_quant.jpeg Graphic file (type j
pg)
 <use figures/flow/flow_bandage_1_frame021_orig_quant.jpeg>
Package pdftex.def Info: figures/flow/flow_bandage_1_frame021_orig_quant.jpeg u
sed on input line 255.
(pdftex.def)             Requested size: 111.79189pt x 47.67647pt.

<figures/flow/flow_bandage_1_frame021_mpeg_quant.png, id=105, 64.24pt x 28.105p
t>
File: figures/flow/flow_bandage_1_frame021_mpeg_quant.png Graphic file (type pn
g)
 <use figures/flow/flow_bandage_1_frame021_mpeg_quant.png>
Package pdftex.def Info: figures/flow/flow_bandage_1_frame021_mpeg_quant.png us
ed on input line 257.
(pdftex.def)             Requested size: 111.79189pt x 48.913pt.

<figures/flow/flow_bandage_1_frame021_stip_quant.png, id=106, 204.765pt x 87.32
625pt>
File: figures/flow/flow_bandage_1_frame021_stip_quant.png Graphic file (type pn
g)
 <use figures/flow/flow_bandage_1_frame021_stip_quant.png>
Package pdftex.def Info: figures/flow/flow_bandage_1_frame021_stip_quant.png us
ed on input line 260.
(pdftex.def)             Requested size: 111.79189pt x 47.67647pt.

<figures/flow/flow_bandage_1_frame021_traj_quant.png, id=107, 1027.84pt x 437.6
35pt>
File: figures/flow/flow_bandage_1_frame021_traj_quant.png Graphic file (type pn
g)
 <use figures/flow/flow_bandage_1_frame021_traj_quant.png>
Package pdftex.def Info: figures/flow/flow_bandage_1_frame021_traj_quant.png us
ed on input line 262.
(pdftex.def)             Requested size: 111.79189pt x 47.5924pt.

<figures/flow/flowcolorcode_reoriented.jpg, id=108, 151.56625pt x 151.56625pt>
File: figures/flow/flowcolorcode_reoriented.jpg Graphic file (type jpg)

<use figures/flow/flowcolorcode_reoriented.jpg>
Package pdftex.def Info: figures/flow/flowcolorcode_reoriented.jpg used on inpu
t line 267.
(pdftex.def)             Requested size: 24.84431pt x 24.84314pt.

Overfull \hbox (29.36409pt too wide) in paragraph at lines 244--271
 |  [] 
 []


<figures/flow/actioncliptrain00009_0010bright.jpg, id=115, 529.98pt x 224.84pt>
File: figures/flow/actioncliptrain00009_0010bright.jpg Graphic file (type jpg)
<use figures/flow/actioncliptrain00009_0010bright.jpg>
Package pdftex.def Info: figures/flow/actioncliptrain00009_0010bright.jpg used 
on input line 283.
(pdftex.def)             Requested size: 114.27481pt x 48.48032pt.

<figures/flow/flow_actioncliptrain00009_frame010_mpeg_quant.png, id=116, 33.123
75pt x 14.0525pt>
File: figures/flow/flow_actioncliptrain00009_frame010_mpeg_quant.png Graphic fi
le (type png)

<use figures/flow/flow_actioncliptrain00009_frame010_mpeg_quant.png>
Package pdftex.def Info: figures/flow/flow_actioncliptrain00009_frame010_mpeg_q
uant.png used on input line 284.
(pdftex.def)             Requested size: 114.27481pt x 48.48952pt.

<figures/flow/flow_actioncliptrain00009_frame010_stip_quant.png, id=117, 105.39
375pt x 44.165pt>
File: figures/flow/flow_actioncliptrain00009_frame010_stip_quant.png Graphic fi
le (type png)

<use figures/flow/flow_actioncliptrain00009_frame010_stip_quant.png>
Package pdftex.def Info: figures/flow/flow_actioncliptrain00009_frame010_stip_q
uant.png used on input line 285.
(pdftex.def)             Requested size: 114.27481pt x 47.8875pt.

<figures/flow/flow_actioncliptrain00009_frame010_traj_quant.jpeg, id=118, 529.9
8pt x 224.84pt>
File: figures/flow/flow_actioncliptrain00009_frame010_traj_quant.jpeg Graphic f
ile (type jpg)

<use figures/flow/flow_actioncliptrain00009_frame010_traj_quant.jpeg>
Package pdftex.def Info: figures/flow/flow_actioncliptrain00009_frame010_traj_q
uant.jpeg used on input line 286.
(pdftex.def)             Requested size: 114.27481pt x 48.48032pt.

<figures/flow/flow_actioncliptest00686_frame010.jpeg, id=119, 642.4pt x 353.32p
t>
File: figures/flow/flow_actioncliptest00686_frame010.jpeg Graphic file (type jp
g)
 <use figures/flow/flow_actioncliptest00686_frame010.jpeg>
Package pdftex.def Info: figures/flow/flow_actioncliptest00686_frame010.jpeg us
ed on input line 287.
(pdftex.def)             Requested size: 114.27481pt x 62.85086pt.

<figures/flow/flow_actioncliptest00686_frame010_mv_quant.png, id=120, 40.15pt x
 22.0825pt>
File: figures/flow/flow_actioncliptest00686_frame010_mv_quant.png Graphic file 
(type png)
 <use figures/flow/flow_actioncliptest00686_frame010_mv_quant.png>
Package pdftex.def Info: figures/flow/flow_actioncliptest00686_frame010_mv_quan
t.png used on input line 288.
(pdftex.def)             Requested size: 114.27481pt x 62.85316pt.

<figures/flow/flow_actioncliptest00686_frame010_stip_quant.png, id=121, 128.48p
t x 70.2625pt>
File: figures/flow/flow_actioncliptest00686_frame010_stip_quant.png Graphic fil
e (type png)

<use figures/flow/flow_actioncliptest00686_frame010_stip_quant.png>
Package pdftex.def Info: figures/flow/flow_actioncliptest00686_frame010_stip_qu
ant.png used on input line 289.
(pdftex.def)             Requested size: 114.27481pt x 62.49481pt.

<figures/flow/flow_actioncliptest00686_frame010_traj_quant.jpeg, id=122, 642.4p
t x 353.32pt>
File: figures/flow/flow_actioncliptest00686_frame010_traj_quant.jpeg Graphic fi
le (type jpg)

<use figures/flow/flow_actioncliptest00686_frame010_traj_quant.jpeg>
Package pdftex.def Info: figures/flow/flow_actioncliptest00686_frame010_traj_qu
ant.jpeg used on input line 290.
(pdftex.def)             Requested size: 114.27481pt x 62.85086pt.

<figures/flow/flow_actioncliptest00538_frame014.jpeg, id=123, 706.64pt x 305.14
pt>
File: figures/flow/flow_actioncliptest00538_frame014.jpeg Graphic file (type jp
g)
 <use figures/flow/flow_actioncliptest00538_frame014.jpeg>
Package pdftex.def Info: figures/flow/flow_actioncliptest00538_frame014.jpeg us
ed on input line 291.
(pdftex.def)             Requested size: 114.27481pt x 49.34486pt.

<figures/flow/flow_actioncliptest00538_frame014_mv_quant.png, id=124, 44.165pt 
x 19.07124pt>
File: figures/flow/flow_actioncliptest00538_frame014_mv_quant.png Graphic file 
(type png)

<use figures/flow/flow_actioncliptest00538_frame014_mv_quant.png>
Package pdftex.def Info: figures/flow/flow_actioncliptest00538_frame014_mv_quan
t.png used on input line 292.
(pdftex.def)             Requested size: 114.27481pt x 49.34656pt.

<figures/flow/flow_actioncliptest00538_frame014_stip_quant.png, id=125, 140.525
pt x 60.225pt>
File: figures/flow/flow_actioncliptest00538_frame014_stip_quant.png Graphic fil
e (type png)

<use figures/flow/flow_actioncliptest00538_frame014_stip_quant.png>
Package pdftex.def Info: figures/flow/flow_actioncliptest00538_frame014_stip_qu
ant.png used on input line 293.
(pdftex.def)             Requested size: 114.27481pt x 48.97495pt.

<figures/flow/flow_actioncliptest00538_frame014_traj_quant.jpeg, id=126, 706.64
pt x 305.14pt>
File: figures/flow/flow_actioncliptest00538_frame014_traj_quant.jpeg Graphic fi
le (type jpg)

<use figures/flow/flow_actioncliptest00538_frame014_traj_quant.jpeg>
Package pdftex.def Info: figures/flow/flow_actioncliptest00538_frame014_traj_qu
ant.jpeg used on input line 294.
(pdftex.def)             Requested size: 114.27481pt x 49.34486pt.

<figures/flow/flow_actioncliptest00870_frame013.jpeg, id=127, 610.28pt x 337.26
pt>
File: figures/flow/flow_actioncliptest00870_frame013.jpeg Graphic file (type jp
g)
 <use figures/flow/flow_actioncliptest00870_frame013.jpeg>
Package pdftex.def Info: figures/flow/flow_actioncliptest00870_frame013.jpeg us
ed on input line 295.
(pdftex.def)             Requested size: 114.27481pt x 63.1486pt.

<figures/flow/flow_actioncliptest00870_frame014_mv_quant.png, id=128, 38.1425pt
 x 21.07875pt>
File: figures/flow/flow_actioncliptest00870_frame014_mv_quant.png Graphic file 
(type png)

<use figures/flow/flow_actioncliptest00870_frame014_mv_quant.png>
Package pdftex.def Info: figures/flow/flow_actioncliptest00870_frame014_mv_quan
t.png used on input line 296.
(pdftex.def)             Requested size: 114.27481pt x 63.15465pt.

<figures/flow/flow_actioncliptest00870_frame013_stip_quant.png, id=129, 121.453
75pt x 67.25125pt>
File: figures/flow/flow_actioncliptest00870_frame013_stip_quant.png Graphic fil
e (type png)

<use figures/flow/flow_actioncliptest00870_frame013_stip_quant.png>
Package pdftex.def Info: figures/flow/flow_actioncliptest00870_frame013_stip_qu
ant.png used on input line 297.
(pdftex.def)             Requested size: 114.27481pt x 63.27568pt.

<figures/flow/flow_actioncliptest00870_frame013_traj_quant.jpeg, id=130, 610.28
pt x 337.26pt>
File: figures/flow/flow_actioncliptest00870_frame013_traj_quant.jpeg Graphic fi
le (type jpg)

<use figures/flow/flow_actioncliptest00870_frame013_traj_quant.jpeg>
Package pdftex.def Info: figures/flow/flow_actioncliptest00870_frame013_traj_qu
ant.jpeg used on input line 298.
(pdftex.def)             Requested size: 114.27481pt x 63.1486pt.

Overfull \hbox (6.95256pt too wide) in paragraph at lines 280--300
 |  [] 
 []

[2]
Underfull \vbox (badness 10000) has occurred while \output is active []


Underfull \vbox (badness 10000) has occurred while \output is active []

 [3 <U:/cvpr2014/paper/figures/flow/bandage_1_frame_0020.jpeg> <U:/cvpr2014/pap
er/figures/flow/flow_bandage_1_frame021_orig_quant.jpeg> <U:/cvpr2014/paper/fig
ures/flow/flow_bandage_1_frame021_mpeg_quant.png (PNG copy)> <U:/cvpr2014/paper
/figures/flow/flow_bandage_1_frame021_stip_quant.png (PNG copy)> <U:/cvpr2014/p
aper/figures/flow/flow_bandage_1_frame021_traj_quant.png (PNG copy)> <U:/cvpr20
14/paper/figures/flow/flowcolorcode_reoriented.jpg> <U:/cvpr2014/paper/figures/
flow/actioncliptrain00009_0010bright.jpg> <U:/cvpr2014/paper/figures/flow/flow_
actioncliptrain00009_frame010_mpeg_quant.png (PNG copy)> <U:/cvpr2014/paper/fig
ures/flow/flow_actioncliptrain00009_frame010_stip_quant.png (PNG copy)> <U:/cvp
r2014/paper/figures/flow/flow_actioncliptrain00009_frame010_traj_quant.jpeg> <U
:/cvpr2014/paper/figures/flow/flow_actioncliptest00686_frame010.jpeg> <U:/cvpr2
014/paper/figures/flow/flow_actioncliptest00686_frame010_mv_quant.png (PNG copy
)> <U:/cvpr2014/paper/figures/flow/flow_actioncliptest00686_frame010_stip_quant
.png (PNG copy)> <U:/cvpr2014/paper/figures/flow/flow_actioncliptest00686_frame
010_traj_quant.jpeg> <U:/cvpr2014/paper/figures/flow/flow_actioncliptest00538_f
rame014.jpeg> <U:/cvpr2014/paper/figures/flow/flow_actioncliptest00538_frame014
_mv_quant.png (PNG copy)> <U:/cvpr2014/paper/figures/flow/flow_actioncliptest00
538_frame014_stip_quant.png (PNG copy)> <U:/cvpr2014/paper/figures/flow/flow_ac
tioncliptest00538_frame014_traj_quant.jpeg> <U:/cvpr2014/paper/figures/flow/flo
w_actioncliptest00870_frame013.jpeg> <U:/cvpr2014/paper/figures/flow/flow_actio
ncliptest00870_frame014_mv_quant.png (PNG copy)> <U:/cvpr2014/paper/figures/flo
w/flow_actioncliptest00870_frame013_stip_quant.png (PNG copy)> <U:/cvpr2014/pap
er/figures/flow/flow_actioncliptest00870_frame013_traj_quant.jpeg>]
<figures/CD-descriptor2.pdf, id=188, 617.23825pt x 429.30128pt>
File: figures/CD-descriptor2.pdf Graphic file (type pdf)

<use figures/CD-descriptor2.pdf>
Package pdftex.def Info: figures/CD-descriptor2.pdf used on input line 353.
(pdftex.def)             Requested size: 165.99443pt x 115.4478pt.

<figures/dataset_thumb/hwd/class1.jpg, id=189, 150.5625pt x 100.375pt>
File: figures/dataset_thumb/hwd/class1.jpg Graphic file (type jpg)

<use figures/dataset_thumb/hwd/class1.jpg>
Package pdftex.def Info: figures/dataset_thumb/hwd/class1.jpg used on input lin
e 367.
(pdftex.def)             Requested size: 68.71509pt x 45.80894pt.

<figures/dataset_thumb/hwd/class2.jpg, id=190, 150.5625pt x 100.375pt>
File: figures/dataset_thumb/hwd/class2.jpg Graphic file (type jpg)

<use figures/dataset_thumb/hwd/class2.jpg>
Package pdftex.def Info: figures/dataset_thumb/hwd/class2.jpg used on input lin
e 368.
(pdftex.def)             Requested size: 68.71509pt x 45.80894pt.

<figures/dataset_thumb/hwd/class3.jpg, id=191, 529.98pt x 240.9pt>
File: figures/dataset_thumb/hwd/class3.jpg Graphic file (type jpg)

<use figures/dataset_thumb/hwd/class3.jpg>
Package pdftex.def Info: figures/dataset_thumb/hwd/class3.jpg used on input lin
e 369.
(pdftex.def)             Requested size: 100.7781pt x 45.80894pt.

<figures/dataset_thumb/hwd/class4.jpg, id=192, 150.5625pt x 100.375pt>
File: figures/dataset_thumb/hwd/class4.jpg Graphic file (type jpg)

<use figures/dataset_thumb/hwd/class4.jpg>
Package pdftex.def Info: figures/dataset_thumb/hwd/class4.jpg used on input lin
e 370.
(pdftex.def)             Requested size: 68.71509pt x 45.80894pt.

<figures/dataset_thumb/hwd/class5.jpg, id=193, 150.5625pt x 100.375pt>
File: figures/dataset_thumb/hwd/class5.jpg Graphic file (type jpg)

<use figures/dataset_thumb/hwd/class5.jpg>
Package pdftex.def Info: figures/dataset_thumb/hwd/class5.jpg used on input lin
e 371.
(pdftex.def)             Requested size: 68.71509pt x 45.80894pt.

<figures/dataset_thumb/hwd/class6.jpg, id=194, 198.7425pt x 133.49875pt>
File: figures/dataset_thumb/hwd/class6.jpg Graphic file (type jpg)

<use figures/dataset_thumb/hwd/class6.jpg>
Package pdftex.def Info: figures/dataset_thumb/hwd/class6.jpg used on input lin
e 372.
(pdftex.def)             Requested size: 68.19626pt x 45.80894pt.

<figures/dataset_thumb/ucf/crop_class1.pdf, id=195, 242.9075pt x 181.67876pt>
File: figures/dataset_thumb/ucf/crop_class1.pdf Graphic file (type pdf)

<use figures/dataset_thumb/ucf/crop_class1.pdf>
Package pdftex.def Info: figures/dataset_thumb/ucf/crop_class1.pdf used on inpu
t line 373.
(pdftex.def)             Requested size: 74.08481pt x 55.41054pt.

<figures/dataset_thumb/ucf/crop_class2.pdf, id=196, 242.9075pt x 181.67876pt>
File: figures/dataset_thumb/ucf/crop_class2.pdf Graphic file (type pdf)

<use figures/dataset_thumb/ucf/crop_class2.pdf>
Package pdftex.def Info: figures/dataset_thumb/ucf/crop_class2.pdf used on inpu
t line 374.
(pdftex.def)             Requested size: 74.08481pt x 55.41054pt.

<figures/dataset_thumb/ucf/crop_class3.pdf, id=197, 242.9075pt x 181.67876pt>
File: figures/dataset_thumb/ucf/crop_class3.pdf Graphic file (type pdf)

<use figures/dataset_thumb/ucf/crop_class3.pdf>
Package pdftex.def Info: figures/dataset_thumb/ucf/crop_class3.pdf used on inpu
t line 375.
(pdftex.def)             Requested size: 74.08481pt x 55.41054pt.

<figures/dataset_thumb/ucf/crop_class4.pdf, id=198, 242.9075pt x 181.67876pt>
File: figures/dataset_thumb/ucf/crop_class4.pdf Graphic file (type pdf)

<use figures/dataset_thumb/ucf/crop_class4.pdf>
Package pdftex.def Info: figures/dataset_thumb/ucf/crop_class4.pdf used on inpu
t line 376.
(pdftex.def)             Requested size: 74.08481pt x 55.41054pt.

<figures/dataset_thumb/ucf/crop_class5.pdf, id=199, 242.9075pt x 181.67876pt>
File: figures/dataset_thumb/ucf/crop_class5.pdf Graphic file (type pdf)

<use figures/dataset_thumb/ucf/crop_class5.pdf>
Package pdftex.def Info: figures/dataset_thumb/ucf/crop_class5.pdf used on inpu
t line 377.
(pdftex.def)             Requested size: 74.08481pt x 55.41054pt.

<figures/dataset_thumb/ucf/crop_class6.pdf, id=200, 242.9075pt x 181.67876pt>
File: figures/dataset_thumb/ucf/crop_class6.pdf Graphic file (type pdf)

<use figures/dataset_thumb/ucf/crop_class6.pdf>
Package pdftex.def Info: figures/dataset_thumb/ucf/crop_class6.pdf used on inpu
t line 378.
(pdftex.def)             Requested size: 74.08481pt x 55.41054pt.

<figures/dataset_thumb/uti/crop_class1.pdf, id=201, 135.50626pt x 145.54375pt>
File: figures/dataset_thumb/uti/crop_class1.pdf Graphic file (type pdf)

<use figures/dataset_thumb/uti/crop_class1.pdf>
Package pdftex.def Info: figures/dataset_thumb/uti/crop_class1.pdf used on inpu
t line 379.
(pdftex.def)             Requested size: 54.20152pt x 58.21646pt.

<figures/dataset_thumb/uti/crop_class2.pdf, id=202, 194.7275pt x 145.54375pt>
File: figures/dataset_thumb/uti/crop_class2.pdf Graphic file (type pdf)

<use figures/dataset_thumb/uti/crop_class2.pdf>
Package pdftex.def Info: figures/dataset_thumb/uti/crop_class2.pdf used on inpu
t line 380.
(pdftex.def)             Requested size: 77.8896pt x 58.21646pt.

<figures/dataset_thumb/uti/crop_class3.pdf, id=203, 235.88126pt x 146.5475pt>
File: figures/dataset_thumb/uti/crop_class3.pdf Graphic file (type pdf)

<use figures/dataset_thumb/uti/crop_class3.pdf>
Package pdftex.def Info: figures/dataset_thumb/uti/crop_class3.pdf used on inpu
t line 381.
(pdftex.def)             Requested size: 94.35083pt x 58.61795pt.

<figures/dataset_thumb/uti/crop_class4.pdf, id=204, 210.7875pt x 145.54375pt>
File: figures/dataset_thumb/uti/crop_class4.pdf Graphic file (type pdf)

<use figures/dataset_thumb/uti/crop_class4.pdf>
Package pdftex.def Info: figures/dataset_thumb/uti/crop_class4.pdf used on inpu
t line 382.
(pdftex.def)             Requested size: 84.3135pt x 58.21646pt.

<figures/dataset_thumb/uti/crop_class5.pdf, id=205, 222.8325pt x 145.54375pt>
File: figures/dataset_thumb/uti/crop_class5.pdf Graphic file (type pdf)

<use figures/dataset_thumb/uti/crop_class5.pdf>
Package pdftex.def Info: figures/dataset_thumb/uti/crop_class5.pdf used on inpu
t line 383.
(pdftex.def)             Requested size: 89.13141pt x 58.21646pt.

<figures/dataset_thumb/uti/crop_class6.pdf, id=206, 112.42pt x 145.54375pt>
File: figures/dataset_thumb/uti/crop_class6.pdf Graphic file (type pdf)

<use figures/dataset_thumb/uti/crop_class6.pdf>
Package pdftex.def Info: figures/dataset_thumb/uti/crop_class6.pdf used on inpu
t line 384.
(pdftex.def)             Requested size: 44.9672pt x 58.21646pt.
 [4 <U:/cvpr2014/paper/figures/CD-descriptor2.pdf>]
Overfull \hbox (9.40569pt too wide) in paragraph at lines 436--450
[]||  []| 
 []


Overfull \hbox (9.09491pt too wide) in paragraph at lines 435--475
 [] 
 []

LaTeX Font Info:    Font shape `OT1/ptm/bx/n' in size <9> not available
(Font)              Font shape `OT1/ptm/b/n' tried instead on input line 478.

Underfull \hbox (badness 1072) in paragraph at lines 485--486
[]\OT1/ptm/m/n/10 In this sec-tion we eval-u-ate the pro-posed de-scrip-tor
 []

[5 <U:/cvpr2014/paper/figures/dataset_thumb/hwd/class1.jpg> <U:/cvpr2014/paper/
figures/dataset_thumb/hwd/class2.jpg> <U:/cvpr2014/paper/figures/dataset_thumb/
hwd/class3.jpg> <U:/cvpr2014/paper/figures/dataset_thumb/hwd/class4.jpg> <U:/cv
pr2014/paper/figures/dataset_thumb/hwd/class5.jpg> <U:/cvpr2014/paper/figures/d
ataset_thumb/hwd/class6.jpg> <U:/cvpr2014/paper/figures/dataset_thumb/ucf/crop_
class1.pdf> <U:/cvpr2014/paper/figures/dataset_thumb/ucf/crop_class2.pdf

pdfTeX warning: pdflatex (file U:/cvpr2014/paper/figures/dataset_thumb/ucf/crop
_class2.pdf): PDF inclusion: multiple pdfs with page group included in a single
 page
> <U:/cvpr2014/paper/figures/dataset_thumb/ucf/crop_class3.pdf

pdfTeX warning: pdflatex (file U:/cvpr2014/paper/figures/dataset_thumb/ucf/crop
_class3.pdf): PDF inclusion: multiple pdfs with page group included in a single
 page
> <U:/cvpr2014/paper/figures/dataset_thumb/ucf/crop_class4.pdf

pdfTeX warning: pdflatex (file U:/cvpr2014/paper/figures/dataset_thumb/ucf/crop
_class4.pdf): PDF inclusion: multiple pdfs with page group included in a single
 page
> <U:/cvpr2014/paper/figures/dataset_thumb/ucf/crop_class5.pdf

pdfTeX warning: pdflatex (file U:/cvpr2014/paper/figures/dataset_thumb/ucf/crop
_class5.pdf): PDF inclusion: multiple pdfs with page group included in a single
 page
> <U:/cvpr2014/paper/figures/dataset_thumb/ucf/crop_class6.pdf

pdfTeX warning: pdflatex (file U:/cvpr2014/paper/figures/dataset_thumb/ucf/crop
_class6.pdf): PDF inclusion: multiple pdfs with page group included in a single
 page
> <U:/cvpr2014/paper/figures/dataset_thumb/uti/crop_class1.pdf

pdfTeX warning: pdflatex (file U:/cvpr2014/paper/figures/dataset_thumb/uti/crop
_class1.pdf): PDF inclusion: multiple pdfs with page group included in a single
 page
> <U:/cvpr2014/paper/figures/dataset_thumb/uti/crop_class2.pdf

pdfTeX warning: pdflatex (file U:/cvpr2014/paper/figures/dataset_thumb/uti/crop
_class2.pdf): PDF inclusion: multiple pdfs with page group included in a single
 page
> <U:/cvpr2014/paper/figures/dataset_thumb/uti/crop_class3.pdf

pdfTeX warning: pdflatex (file U:/cvpr2014/paper/figures/dataset_thumb/uti/crop
_class3.pdf): PDF inclusion: multiple pdfs with page group included in a single
 page
> <U:/cvpr2014/paper/figures/dataset_thumb/uti/crop_class4.pdf

pdfTeX warning: pdflatex (file U:/cvpr2014/paper/figures/dataset_thumb/uti/crop
_class4.pdf): PDF inclusion: multiple pdfs with page group included in a single
 page
> <U:/cvpr2014/paper/figures/dataset_thumb/uti/crop_class5.pdf

pdfTeX warning: pdflatex (file U:/cvpr2014/paper/figures/dataset_thumb/uti/crop
_class5.pdf): PDF inclusion: multiple pdfs with page group included in a single
 page
> <U:/cvpr2014/paper/figures/dataset_thumb/uti/crop_class6.pdf

pdfTeX warning: pdflatex (file U:/cvpr2014/paper/figures/dataset_thumb/uti/crop
_class6.pdf): PDF inclusion: multiple pdfs with page group included in a single
 page
>]
<figures/hollywood2-per-class-barplot-crop.pdf, id=489, 503.40103pt x 278.22092
pt>
File: figures/hollywood2-per-class-barplot-crop.pdf Graphic file (type pdf)
 <use figures/hollywood2-per-class-barplot-crop.pdf>
Package pdftex.def Info: figures/hollywood2-per-class-barplot-crop.pdf used on 
input line 542.
(pdftex.def)             Requested size: 213.4209pt x 117.95575pt.

<figures/hollywood2-flann-fps-map-crop-mod.pdf, id=492, 479.7925pt x 326.21875p
t>
File: figures/hollywood2-flann-fps-map-crop-mod.pdf Graphic file (type pdf)
 <use figures/hollywood2-flann-fps-map-crop-mod.pdf>
Package pdftex.def Info: figures/hollywood2-flann-fps-map-crop-mod.pdf used on 
input line 551.
(pdftex.def)             Requested size: 213.4209pt x 145.10963pt.

Overfull \hbox (5.79344pt too wide) in paragraph at lines 663--679
 [] 
 []


Underfull \vbox (badness 10000) has occurred while \output is active []

 [6]
Underfull \vbox (badness 2951) has occurred while \output is active []


(U:\cvpr2014\paper\iccv13.bbl (U:\cvpr2014\paper\iccv13.brf)
\tf@brf=\write3
 [7 <U:/cvpr2014/paper/figures/hollywood2-per-class-barplot-crop.pdf> <U:/cvpr2
014/paper/figures/hollywood2-flann-fps-map-crop-mod.pdf

pdfTeX warning: pdflatex (file U:/cvpr2014/paper/figures/hollywood2-flann-fps-m
ap-crop-mod.pdf): PDF inclusion: multiple pdfs with page group included in a si
ngle page
>])
Package atveryend Info: Empty hook `BeforeClearDocument' on input line 877.
 [8]
Package atveryend Info: Empty hook `AfterLastShipout' on input line 877.
 (U:\cvpr2014\paper\iccv13.aux)
Package atveryend Info: Executing hook `AtVeryEndDocument' on input line 877.
Package atveryend Info: Executing hook `AtEndAfterFileList' on input line 877.
Package rerunfilecheck Info: File `iccv13.brf' has not changed.
(rerunfilecheck)             Checksum: 2DA0140875D260B8B533C0387C969DE5;4305.
Package atveryend Info: Empty hook `AtVeryVeryEnd' on input line 877.
 ) 
Here is how much of TeX's memory you used:
 7297 strings out of 493921
 110738 string characters out of 3144840
 206543 words of memory out of 3000000
 10347 multiletter control sequences out of 15000+200000
 39647 words of font info for 89 fonts, out of 3000000 for 9000
 841 hyphenation exceptions out of 8191
 37i,20n,39p,1330b,477s stack positions out of 5000i,500n,10000p,200000b,50000s
{C:/Program Files (x86)/MiKTeX 2.9/fonts/enc/dvips/fontname/8r.enc}<C:/Progra
m Files (x86)/MiKTeX 2.9/fonts/type1/public/amsfonts/cm/cmex10.pfb><C:/Program 
Files (x86)/MiKTeX 2.9/fonts/type1/public/amsfonts/cm/cmmi10.pfb><C:/Program Fi
les (x86)/MiKTeX 2.9/fonts/type1/public/amsfonts/cm/cmmi5.pfb><C:/Program Files
 (x86)/MiKTeX 2.9/fonts/type1/public/amsfonts/cm/cmmi7.pfb><C:/Program Files (x
86)/MiKTeX 2.9/fonts/type1/public/amsfonts/cm/cmmi9.pfb><C:/Program Files (x86)
/MiKTeX 2.9/fonts/type1/public/amsfonts/cm/cmmib10.pfb><C:/Program Files (x86)/
MiKTeX 2.9/fonts/type1/public/amsfonts/cmextra/cmmib7.pfb><C:/Program Files (x8
6)/MiKTeX 2.9/fonts/type1/public/amsfonts/cm/cmr10.pfb><C:/Program Files (x86)/
MiKTeX 2.9/fonts/type1/public/amsfonts/cm/cmr7.pfb><C:/Program Files (x86)/MiKT
eX 2.9/fonts/type1/public/amsfonts/cm/cmr9.pfb><C:/Program Files (x86)/MiKTeX 2
.9/fonts/type1/public/amsfonts/cm/cmsy10.pfb><C:/Program Files (x86)/MiKTeX 2.9
/fonts/type1/public/amsfonts/cm/cmsy9.pfb><C:/Program Files (x86)/MiKTeX 2.9/fo
nts/type1/urw/courier/ucrr8a.pfb><C:/Program Files (x86)/MiKTeX 2.9/fonts/type1
/urw/times/utmb8a.pfb><C:/Program Files (x86)/MiKTeX 2.9/fonts/type1/urw/times/
utmr8a.pfb><C:/Program Files (x86)/MiKTeX 2.9/fonts/type1/urw/times/utmri8a.pfb
>
Output written on iccv13.pdf (8 pages, 1103902 bytes).
PDF statistics:
 790 PDF objects out of 1000 (max. 8388607)
 79 named destinations out of 1000 (max. 500000)
 222 words of extra memory for PDF output out of 10000 (max. 10000000)

